<?xml version="1.0" encoding="UTF-8"?>
<!-- Generated by org.testng.reporters.JUnitReportReporter -->
<testsuite hostname="likith" failures="0" tests="1" name="demowebshop.Tc04_Books" time="11.409" errors="0" timestamp="2024-05-04T10:42:42 IST" skipped="0">
  <testcase classname="demowebshop.Tc04_Books" name="Book" time="11.409"/>
</testsuite> <!-- demowebshop.Tc04_Books -->
