<?xml version="1.0" encoding="UTF-8"?>
<!-- Generated by org.testng.reporters.JUnitReportReporter -->
<testsuite hostname="likith" failures="0" tests="1" name="demowebshop.Tc06_DigitalDownloads" time="10.626" errors="0" timestamp="2024-05-03T11:12:59 IST" skipped="0">
  <testcase classname="demowebshop.Tc06_DigitalDownloads" name="digital" time="10.626">
    <system-out>
      <![CDATA[1.00

10.00

3.00
]]>
    </system-out>
  </testcase> <!-- digital -->
  <system-out>
    <![CDATA[working
1.00

10.00

3.00

passed]]>
  </system-out>
</testsuite> <!-- demowebshop.Tc06_DigitalDownloads -->
