<?xml version="1.0" encoding="UTF-8"?>
<!-- Generated by org.testng.reporters.JUnitReportReporter -->
<testsuite hostname="likith" failures="0" tests="1" name="demowebshop.TC01_Register" time="9.896" errors="0" timestamp="2024-05-03T11:42:01 IST" skipped="0">
  <testcase classname="demowebshop.TC01_Register" name="register" time="9.896">
    <system-out>
      <![CDATA[working]]>
    </system-out>
  </testcase> <!-- register -->
  <system-out>
    <![CDATA[working]]>
  </system-out>
</testsuite> <!-- demowebshop.TC01_Register -->
