<?xml version="1.0" encoding="UTF-8"?>
<!-- Generated by org.testng.reporters.JUnitReportReporter -->
<testsuite hostname="likith" failures="0" tests="1" name="demowebshop.TC03_Giftcarts" time="18.352" errors="0" timestamp="2024-05-03T11:41:04 IST" skipped="0">
  <testcase classname="demowebshop.TC03_Giftcarts" name="giftcarts" time="18.352">
    <system-out>
      <![CDATA[passed]]>
    </system-out>
  </testcase> <!-- giftcarts -->
  <system-out>
    <![CDATA[passed]]>
  </system-out>
</testsuite> <!-- demowebshop.TC03_Giftcarts -->
