<?xml version="1.0" encoding="UTF-8"?>
<!-- Generated by org.testng.reporters.JUnitReportReporter -->
<testsuite hostname="likith" failures="0" tests="1" name="demowebshop.Tc05_Computer" time="16.904" errors="0" timestamp="2024-05-03T11:42:01 IST" skipped="0">
  <testcase classname="demowebshop.Tc05_Computer" name="Computers" time="16.904"/>
  <system-out>
    <![CDATA[working]]>
  </system-out>
</testsuite> <!-- demowebshop.Tc05_Computer -->
